<?xml version="1.0" encoding="UTF-8"?>
<testng-results ignored="0" total="1" passed="1" failed="0" skipped="0">
  <reporter-output>
  </reporter-output>
  <suite started-at="2021-12-17T20:39:26Z" name="Default suite" finished-at="2021-12-17T20:39:30Z" duration-ms="4035">
    <groups>
    </groups>
    <test started-at="2021-12-17T20:39:26Z" name="Default test" finished-at="2021-12-17T20:39:30Z" duration-ms="4035">
      <class name="testing.NewTest">
        <test-method signature="f()[pri:0, instance:testing.NewTest@1e6a3214]" started-at="2021-12-17T17:39:26Z" name="f" finished-at="2021-12-17T17:39:30Z" duration-ms="4015" status="PASS">
          <reporter-output>
          </reporter-output>
        </test-method> <!-- f -->
      </class> <!-- testing.NewTest -->
    </test> <!-- Default test -->
  </suite> <!-- Default suite -->
</testng-results>
